<?xml version="1.0" encoding="UTF-8"?>
<testng-results ignored="0" total="5" passed="5" failed="0" skipped="0">
  <reporter-output>
  </reporter-output>
  <suite started-at="2022-02-14T13:05:04 IST" name="Suite" finished-at="2022-02-14T13:05:38 IST" duration-ms="34250">
    <groups>
    </groups>
    <test started-at="2022-02-14T13:05:04 IST" name="Test" finished-at="2022-02-14T13:05:38 IST" duration-ms="34250">
      <class name="Test_Method.AmazonTest">
        <test-method is-config="true" signature="driverInstance1(java.lang.String)[pri:0, instance:Test_Method.AmazonTest@4b0d79fc]" started-at="2022-02-14T13:05:04 IST" name="driverInstance1" finished-at="2022-02-14T13:05:16 IST" duration-ms="12499" status="PASS">
          <params>
            <param index="0">
              <value>
                <![CDATA[https://www.amazon.in/]]>
              </value>
            </param>
          </params>
          <reporter-output>
          </reporter-output>
        </test-method> <!-- driverInstance1 -->
        <test-method signature="email(java.lang.String)[pri:0, instance:Test_Method.AmazonTest@4b0d79fc]" started-at="2022-02-14T13:05:16 IST" name="email" finished-at="2022-02-14T13:05:20 IST" duration-ms="3831" status="PASS">
          <params>
            <param index="0">
              <value>
                <![CDATA[lordzeus4646@gmail.com]]>
              </value>
            </param>
          </params>
          <reporter-output>
          </reporter-output>
        </test-method> <!-- email -->
        <test-method signature="password(java.lang.String)[pri:1, instance:Test_Method.AmazonTest@4b0d79fc]" started-at="2022-02-14T13:05:20 IST" name="password" finished-at="2022-02-14T13:05:20 IST" duration-ms="231" status="PASS">
          <params>
            <param index="0">
              <value>
                <![CDATA[Lord@123]]>
              </value>
            </param>
          </params>
          <reporter-output>
          </reporter-output>
        </test-method> <!-- password -->
        <test-method signature="HomePageOperation1(java.lang.String)[pri:2, instance:Test_Method.AmazonTest@4b0d79fc]" started-at="2022-02-14T13:05:20 IST" name="HomePageOperation1" finished-at="2022-02-14T13:05:28 IST" duration-ms="7787" status="PASS">
          <params>
            <param index="0">
              <value>
                <![CDATA[Apple iphone 12]]>
              </value>
            </param>
          </params>
          <reporter-output>
          </reporter-output>
        </test-method> <!-- HomePageOperation1 -->
        <test-method signature="HomePageOperation2()[pri:3, instance:Test_Method.AmazonTest@4b0d79fc]" started-at="2022-02-14T13:05:28 IST" name="HomePageOperation2" finished-at="2022-02-14T13:05:29 IST" duration-ms="586" status="PASS">
          <reporter-output>
          </reporter-output>
        </test-method> <!-- HomePageOperation2 -->
        <test-method signature="addToCartOperation()[pri:4, instance:Test_Method.AmazonTest@4b0d79fc]" started-at="2022-02-14T13:05:29 IST" name="addToCartOperation" finished-at="2022-02-14T13:05:37 IST" duration-ms="8499" status="PASS">
          <reporter-output>
          </reporter-output>
        </test-method> <!-- addToCartOperation -->
        <test-method is-config="true" signature="driverInstance2()[pri:0, instance:Test_Method.AmazonTest@4b0d79fc]" started-at="2022-02-14T13:05:37 IST" name="driverInstance2" finished-at="2022-02-14T13:05:38 IST" duration-ms="733" status="PASS">
          <reporter-output>
          </reporter-output>
        </test-method> <!-- driverInstance2 -->
      </class> <!-- Test_Method.AmazonTest -->
    </test> <!-- Test -->
  </suite> <!-- Suite -->
</testng-results>
