<?xml version="1.0" encoding="UTF-8"?>
<testng-results ignored="0" total="5" passed="5" failed="0" skipped="0">
  <reporter-output>
  </reporter-output>
  <suite started-at="2022-02-15T09:37:49 IST" name="Suite" finished-at="2022-02-15T09:38:19 IST" duration-ms="30181">
    <groups>
    </groups>
    <test started-at="2022-02-15T09:37:49 IST" name="Test" finished-at="2022-02-15T09:38:19 IST" duration-ms="30181">
      <class name="Test_Method.AmazonTest">
        <test-method is-config="true" signature="driverInstance1(java.lang.String)[pri:0, instance:Test_Method.AmazonTest@4c1909a3]" started-at="2022-02-15T09:37:49 IST" name="driverInstance1" finished-at="2022-02-15T09:38:00 IST" duration-ms="10834" status="PASS">
          <params>
            <param index="0">
              <value>
                <![CDATA[https://www.amazon.in/]]>
              </value>
            </param>
          </params>
          <reporter-output>
          </reporter-output>
        </test-method> <!-- driverInstance1 -->
        <test-method signature="email(java.lang.String)[pri:0, instance:Test_Method.AmazonTest@4c1909a3]" started-at="2022-02-15T09:38:00 IST" name="email" finished-at="2022-02-15T09:38:03 IST" duration-ms="3041" status="PASS">
          <params>
            <param index="0">
              <value>
                <![CDATA[lordzeus4646@gmail.com]]>
              </value>
            </param>
          </params>
          <reporter-output>
          </reporter-output>
        </test-method> <!-- email -->
        <test-method signature="password(java.lang.String)[pri:1, instance:Test_Method.AmazonTest@4c1909a3]" started-at="2022-02-15T09:38:03 IST" name="password" finished-at="2022-02-15T09:38:03 IST" duration-ms="249" status="PASS">
          <params>
            <param index="0">
              <value>
                <![CDATA[Lord@123]]>
              </value>
            </param>
          </params>
          <reporter-output>
          </reporter-output>
        </test-method> <!-- password -->
        <test-method signature="HomePageOperation1(java.lang.String)[pri:2, instance:Test_Method.AmazonTest@4c1909a3]" started-at="2022-02-15T09:38:03 IST" name="HomePageOperation1" finished-at="2022-02-15T09:38:10 IST" duration-ms="6726" status="PASS">
          <params>
            <param index="0">
              <value>
                <![CDATA[Apple iphone 12]]>
              </value>
            </param>
          </params>
          <reporter-output>
          </reporter-output>
        </test-method> <!-- HomePageOperation1 -->
        <test-method signature="HomePageOperation2()[pri:3, instance:Test_Method.AmazonTest@4c1909a3]" started-at="2022-02-15T09:38:10 IST" name="HomePageOperation2" finished-at="2022-02-15T09:38:11 IST" duration-ms="450" status="PASS">
          <reporter-output>
          </reporter-output>
        </test-method> <!-- HomePageOperation2 -->
        <test-method signature="addToCartOperation()[pri:4, instance:Test_Method.AmazonTest@4c1909a3]" started-at="2022-02-15T09:38:11 IST" name="addToCartOperation" finished-at="2022-02-15T09:38:18 IST" duration-ms="7862" status="PASS">
          <reporter-output>
          </reporter-output>
        </test-method> <!-- addToCartOperation -->
        <test-method is-config="true" signature="driverInstance2()[pri:0, instance:Test_Method.AmazonTest@4c1909a3]" started-at="2022-02-15T09:38:18 IST" name="driverInstance2" finished-at="2022-02-15T09:38:19 IST" duration-ms="953" status="PASS">
          <reporter-output>
          </reporter-output>
        </test-method> <!-- driverInstance2 -->
      </class> <!-- Test_Method.AmazonTest -->
    </test> <!-- Test -->
  </suite> <!-- Suite -->
</testng-results>
