<?xml version="1.0" encoding="UTF-8"?>
<!-- Generated by org.testng.reporters.JUnitXMLReporter -->
<testsuite ignored="0" hostname="Tester_poeko" failures="0" tests="5" name="Test" time="30.181" errors="0" timestamp="2022-02-15T09:38:19 IST">
  <testcase classname="Test_Method.AmazonTest" name="email" time="3.041"/>
  <testcase classname="Test_Method.AmazonTest" name="password" time="0.249"/>
  <testcase classname="Test_Method.AmazonTest" name="HomePageOperation1" time="6.726"/>
  <testcase classname="Test_Method.AmazonTest" name="HomePageOperation2" time="0.45"/>
  <testcase classname="Test_Method.AmazonTest" name="addToCartOperation" time="7.862"/>
</testsuite> <!-- Test -->
