<?xml version="1.0" encoding="UTF-8"?>
<!-- Generated by org.testng.reporters.JUnitXMLReporter -->
<testsuite ignored="0" hostname="Tester_poeko" failures="0" tests="5" name="Test" time="34.25" errors="0" timestamp="2022-02-14T13:05:38 IST">
  <testcase classname="Test_Method.AmazonTest" name="email" time="3.831"/>
  <testcase classname="Test_Method.AmazonTest" name="password" time="0.231"/>
  <testcase classname="Test_Method.AmazonTest" name="HomePageOperation1" time="7.787"/>
  <testcase classname="Test_Method.AmazonTest" name="HomePageOperation2" time="0.586"/>
  <testcase classname="Test_Method.AmazonTest" name="addToCartOperation" time="8.499"/>
</testsuite> <!-- Test -->
